Analysis & Synthesis report for Stopwatch
Wed Jun 16 21:38:12 2021
Quartus Prime Version 20.1.1 Build 720 11/11/2020 SJ Lite Edition


---------------------
; Table of Contents ;
---------------------
  1. Legal Notice
  2. Analysis & Synthesis Summary
  3. Analysis & Synthesis Settings
  4. Parallel Compilation
  5. Analysis & Synthesis Source Files Read
  6. Analysis & Synthesis Resource Usage Summary
  7. Analysis & Synthesis Resource Utilization by Entity
  8. General Register Statistics
  9. Port Connectivity Checks: "JKTypeFF:jkff0"
 10. Port Connectivity Checks: "Comparator:c0"
 11. Post-Synthesis Netlist Statistics for Top Partition
 12. Elapsed Time Per Partition
 13. Analysis & Synthesis Messages



----------------
; Legal Notice ;
----------------
Copyright (C) 2020  Intel Corporation. All rights reserved.
Your use of Intel Corporation's design tools, logic functions 
and other software and tools, and any partner logic 
functions, and any output files from any of the foregoing 
(including device programming or simulation files), and any 
associated documentation or information are expressly subject 
to the terms and conditions of the Intel Program License 
Subscription Agreement, the Intel Quartus Prime License Agreement,
the Intel FPGA IP License Agreement, or other applicable license
agreement, including, without limitation, that your use is for
the sole purpose of programming logic devices manufactured by
Intel and sold by Intel or its authorized distributors.  Please
refer to the applicable agreement for further details, at
https://fpgasoftware.intel.com/eula.



+----------------------------------------------------------------------------------+
; Analysis & Synthesis Summary                                                     ;
+------------------------------------+---------------------------------------------+
; Analysis & Synthesis Status        ; Successful - Wed Jun 16 21:38:12 2021       ;
; Quartus Prime Version              ; 20.1.1 Build 720 11/11/2020 SJ Lite Edition ;
; Revision Name                      ; Stopwatch                                   ;
; Top-level Entity Name              ; ClockDivider50MHzTo100Hz                    ;
; Family                             ; MAX 10                                      ;
; Total logic elements               ; 29                                          ;
;     Total combinational functions  ; 28                                          ;
;     Dedicated logic registers      ; 23                                          ;
; Total registers                    ; 23                                          ;
; Total pins                         ; 3                                           ;
; Total virtual pins                 ; 0                                           ;
; Total memory bits                  ; 0                                           ;
; Embedded Multiplier 9-bit elements ; 0                                           ;
; Total PLLs                         ; 0                                           ;
; UFM blocks                         ; 0                                           ;
; ADC blocks                         ; 0                                           ;
+------------------------------------+---------------------------------------------+


+------------------------------------------------------------------------------------------------------------------+
; Analysis & Synthesis Settings                                                                                    ;
+------------------------------------------------------------------+--------------------------+--------------------+
; Option                                                           ; Setting                  ; Default Value      ;
+------------------------------------------------------------------+--------------------------+--------------------+
; Device                                                           ; 10M50DAF484C6GES         ;                    ;
; Top-level entity name                                            ; ClockDivider50MHzTo100Hz ; Stopwatch          ;
; Family name                                                      ; MAX 10                   ; Cyclone V          ;
; Use smart compilation                                            ; Off                      ; Off                ;
; Enable parallel Assembler and Timing Analyzer during compilation ; On                       ; On                 ;
; Enable compact report table                                      ; Off                      ; Off                ;
; Restructure Multiplexers                                         ; Auto                     ; Auto               ;
; Create Debugging Nodes for IP Cores                              ; Off                      ; Off                ;
; Preserve fewer node names                                        ; On                       ; On                 ;
; Intel FPGA IP Evaluation Mode                                    ; Enable                   ; Enable             ;
; Verilog Version                                                  ; Verilog_2001             ; Verilog_2001       ;
; VHDL Version                                                     ; VHDL_1993                ; VHDL_1993          ;
; State Machine Processing                                         ; Auto                     ; Auto               ;
; Safe State Machine                                               ; Off                      ; Off                ;
; Extract Verilog State Machines                                   ; On                       ; On                 ;
; Extract VHDL State Machines                                      ; On                       ; On                 ;
; Ignore Verilog initial constructs                                ; Off                      ; Off                ;
; Iteration limit for constant Verilog loops                       ; 5000                     ; 5000               ;
; Iteration limit for non-constant Verilog loops                   ; 250                      ; 250                ;
; Add Pass-Through Logic to Inferred RAMs                          ; On                       ; On                 ;
; Infer RAMs from Raw Logic                                        ; On                       ; On                 ;
; Parallel Synthesis                                               ; On                       ; On                 ;
; DSP Block Balancing                                              ; Auto                     ; Auto               ;
; NOT Gate Push-Back                                               ; On                       ; On                 ;
; Power-Up Don't Care                                              ; On                       ; On                 ;
; Remove Redundant Logic Cells                                     ; Off                      ; Off                ;
; Remove Duplicate Registers                                       ; On                       ; On                 ;
; Ignore CARRY Buffers                                             ; Off                      ; Off                ;
; Ignore CASCADE Buffers                                           ; Off                      ; Off                ;
; Ignore GLOBAL Buffers                                            ; Off                      ; Off                ;
; Ignore ROW GLOBAL Buffers                                        ; Off                      ; Off                ;
; Ignore LCELL Buffers                                             ; Off                      ; Off                ;
; Ignore SOFT Buffers                                              ; On                       ; On                 ;
; Limit AHDL Integers to 32 Bits                                   ; Off                      ; Off                ;
; Optimization Technique                                           ; Balanced                 ; Balanced           ;
; Carry Chain Length                                               ; 70                       ; 70                 ;
; Auto Carry Chains                                                ; On                       ; On                 ;
; Auto Open-Drain Pins                                             ; On                       ; On                 ;
; Perform WYSIWYG Primitive Resynthesis                            ; Off                      ; Off                ;
; Auto ROM Replacement                                             ; On                       ; On                 ;
; Auto RAM Replacement                                             ; On                       ; On                 ;
; Auto DSP Block Replacement                                       ; On                       ; On                 ;
; Auto Shift Register Replacement                                  ; Auto                     ; Auto               ;
; Allow Shift Register Merging across Hierarchies                  ; Auto                     ; Auto               ;
; Auto Clock Enable Replacement                                    ; On                       ; On                 ;
; Strict RAM Replacement                                           ; Off                      ; Off                ;
; Allow Synchronous Control Signals                                ; On                       ; On                 ;
; Force Use of Synchronous Clear Signals                           ; Off                      ; Off                ;
; Auto RAM Block Balancing                                         ; On                       ; On                 ;
; Auto RAM to Logic Cell Conversion                                ; Off                      ; Off                ;
; Auto Resource Sharing                                            ; Off                      ; Off                ;
; Allow Any RAM Size For Recognition                               ; Off                      ; Off                ;
; Allow Any ROM Size For Recognition                               ; Off                      ; Off                ;
; Allow Any Shift Register Size For Recognition                    ; Off                      ; Off                ;
; Use LogicLock Constraints during Resource Balancing              ; On                       ; On                 ;
; Ignore translate_off and synthesis_off directives                ; Off                      ; Off                ;
; Timing-Driven Synthesis                                          ; On                       ; On                 ;
; Report Parameter Settings                                        ; On                       ; On                 ;
; Report Source Assignments                                        ; On                       ; On                 ;
; Report Connectivity Checks                                       ; On                       ; On                 ;
; Ignore Maximum Fan-Out Assignments                               ; Off                      ; Off                ;
; Synchronization Register Chain Length                            ; 2                        ; 2                  ;
; Power Optimization During Synthesis                              ; Normal compilation       ; Normal compilation ;
; HDL message level                                                ; Level2                   ; Level2             ;
; Suppress Register Optimization Related Messages                  ; Off                      ; Off                ;
; Number of Removed Registers Reported in Synthesis Report         ; 5000                     ; 5000               ;
; Number of Swept Nodes Reported in Synthesis Report               ; 5000                     ; 5000               ;
; Number of Inverted Registers Reported in Synthesis Report        ; 100                      ; 100                ;
; Clock MUX Protection                                             ; On                       ; On                 ;
; Auto Gated Clock Conversion                                      ; Off                      ; Off                ;
; Block Design Naming                                              ; Auto                     ; Auto               ;
; SDC constraint protection                                        ; Off                      ; Off                ;
; Synthesis Effort                                                 ; Auto                     ; Auto               ;
; Shift Register Replacement - Allow Asynchronous Clear Signal     ; On                       ; On                 ;
; Pre-Mapping Resynthesis Optimization                             ; Off                      ; Off                ;
; Analysis & Synthesis Message Level                               ; Medium                   ; Medium             ;
; Disable Register Merging Across Hierarchies                      ; Auto                     ; Auto               ;
; Resource Aware Inference For Block RAM                           ; On                       ; On                 ;
+------------------------------------------------------------------+--------------------------+--------------------+


+------------------------------------------+
; Parallel Compilation                     ;
+----------------------------+-------------+
; Processors                 ; Number      ;
+----------------------------+-------------+
; Number detected on machine ; 6           ;
; Maximum allowed            ; 6           ;
;                            ;             ;
; Average used               ; 1.00        ;
; Maximum used               ; 6           ;
;                            ;             ;
; Usage by Processor         ; % Time Used ;
;     Processor 1            ; 100.0%      ;
;     Processor 2            ;   0.0%      ;
;     Processors 3-6         ;   0.0%      ;
+----------------------------+-------------+


+--------------------------------------------------------------------------------------------------------------------------------------+
; Analysis & Synthesis Source Files Read                                                                                               ;
+----------------------------------+-----------------+------------------------+----------------------------------------------+---------+
; File Name with User-Entered Path ; Used in Netlist ; File Type              ; File Name with Absolute Path                 ; Library ;
+----------------------------------+-----------------+------------------------+----------------------------------------------+---------+
; JKTypeFF.v                       ; yes             ; User Verilog HDL File  ; C:/Temp/Stopwatch/JKTypeFF.v                 ;         ;
; FourBitBinaryCounter.v           ; yes             ; User Verilog HDL File  ; C:/Temp/Stopwatch/FourBitBinaryCounter.v     ;         ;
; FiveBitBinaryCounter.v           ; yes             ; User Verilog HDL File  ; C:/Temp/Stopwatch/FiveBitBinaryCounter.v     ;         ;
; DTypeFF.v                        ; yes             ; User Verilog HDL File  ; C:/Temp/Stopwatch/DTypeFF.v                  ;         ;
; Comparator.v                     ; yes             ; User Verilog HDL File  ; C:/Temp/Stopwatch/Comparator.v               ;         ;
; ClockDivider50MHzTo100Hz.v       ; yes             ; User Verilog HDL File  ; C:/Temp/Stopwatch/ClockDivider50MHzTo100Hz.v ;         ;
+----------------------------------+-----------------+------------------------+----------------------------------------------+---------+


+-----------------------------------------------------+
; Analysis & Synthesis Resource Usage Summary         ;
+---------------------------------------------+-------+
; Resource                                    ; Usage ;
+---------------------------------------------+-------+
; Estimated Total logic elements              ; 29    ;
;                                             ;       ;
; Total combinational functions               ; 28    ;
; Logic element usage by number of LUT inputs ;       ;
;     -- 4 input functions                    ; 6     ;
;     -- 3 input functions                    ; 2     ;
;     -- <=2 input functions                  ; 20    ;
;                                             ;       ;
; Logic elements by mode                      ;       ;
;     -- normal mode                          ; 28    ;
;     -- arithmetic mode                      ; 0     ;
;                                             ;       ;
; Total registers                             ; 23    ;
;     -- Dedicated logic registers            ; 23    ;
;     -- I/O registers                        ; 0     ;
;                                             ;       ;
; I/O pins                                    ; 3     ;
;                                             ;       ;
; Embedded Multiplier 9-bit elements          ; 0     ;
;                                             ;       ;
; Maximum fan-out node                        ; reset ;
; Maximum fan-out                             ; 19    ;
; Total fan-out                               ; 120   ;
; Average fan-out                             ; 2.11  ;
+---------------------------------------------+-------+


+-----------------------------------------------------------------------------------------------------------------------------------------------------------------------------------------------------------------------------------------------------------------------------------------------------+
; Analysis & Synthesis Resource Utilization by Entity                                                                                                                                                                                                                                                 ;
+---------------------------------+---------------------+---------------------------+-------------+------------+--------------+---------+-----------+------+--------------+------------+--------------------------------------------------------------------+--------------------------+--------------+
; Compilation Hierarchy Node      ; Combinational ALUTs ; Dedicated Logic Registers ; Memory Bits ; UFM Blocks ; DSP Elements ; DSP 9x9 ; DSP 18x18 ; Pins ; Virtual Pins ; ADC blocks ; Full Hierarchy Name                                                ; Entity Name              ; Library Name ;
+---------------------------------+---------------------+---------------------------+-------------+------------+--------------+---------+-----------+------+--------------+------------+--------------------------------------------------------------------+--------------------------+--------------+
; |ClockDivider50MHzTo100Hz       ; 28 (1)              ; 23 (2)                    ; 0           ; 0          ; 0            ; 0       ; 0         ; 3    ; 0            ; 0          ; |ClockDivider50MHzTo100Hz                                          ; ClockDivider50MHzTo100Hz ; work         ;
;    |Comparator:c0|              ; 7 (7)               ; 0 (0)                     ; 0           ; 0          ; 0            ; 0       ; 0         ; 0    ; 0            ; 0          ; |ClockDivider50MHzTo100Hz|Comparator:c0                            ; Comparator               ; work         ;
;    |DTypeFF:dtff0|              ; 0 (0)               ; 1 (1)                     ; 0           ; 0          ; 0            ; 0       ; 0         ; 0    ; 0            ; 0          ; |ClockDivider50MHzTo100Hz|DTypeFF:dtff0                            ; DTypeFF                  ; work         ;
;    |FiveBitBinaryCounter:fbbc0| ; 5 (0)               ; 5 (0)                     ; 0           ; 0          ; 0            ; 0       ; 0         ; 0    ; 0            ; 0          ; |ClockDivider50MHzTo100Hz|FiveBitBinaryCounter:fbbc0               ; FiveBitBinaryCounter     ; work         ;
;       |DTypeFF:dtff0|           ; 1 (1)               ; 1 (1)                     ; 0           ; 0          ; 0            ; 0       ; 0         ; 0    ; 0            ; 0          ; |ClockDivider50MHzTo100Hz|FiveBitBinaryCounter:fbbc0|DTypeFF:dtff0 ; DTypeFF                  ; work         ;
;       |DTypeFF:dtff1|           ; 1 (1)               ; 1 (1)                     ; 0           ; 0          ; 0            ; 0       ; 0         ; 0    ; 0            ; 0          ; |ClockDivider50MHzTo100Hz|FiveBitBinaryCounter:fbbc0|DTypeFF:dtff1 ; DTypeFF                  ; work         ;
;       |DTypeFF:dtff2|           ; 1 (1)               ; 1 (1)                     ; 0           ; 0          ; 0            ; 0       ; 0         ; 0    ; 0            ; 0          ; |ClockDivider50MHzTo100Hz|FiveBitBinaryCounter:fbbc0|DTypeFF:dtff2 ; DTypeFF                  ; work         ;
;       |DTypeFF:dtff3|           ; 1 (1)               ; 1 (1)                     ; 0           ; 0          ; 0            ; 0       ; 0         ; 0    ; 0            ; 0          ; |ClockDivider50MHzTo100Hz|FiveBitBinaryCounter:fbbc0|DTypeFF:dtff3 ; DTypeFF                  ; work         ;
;       |DTypeFF:dtff4|           ; 1 (1)               ; 1 (1)                     ; 0           ; 0          ; 0            ; 0       ; 0         ; 0    ; 0            ; 0          ; |ClockDivider50MHzTo100Hz|FiveBitBinaryCounter:fbbc0|DTypeFF:dtff4 ; DTypeFF                  ; work         ;
;    |FiveBitBinaryCounter:fbbc1| ; 5 (0)               ; 5 (0)                     ; 0           ; 0          ; 0            ; 0       ; 0         ; 0    ; 0            ; 0          ; |ClockDivider50MHzTo100Hz|FiveBitBinaryCounter:fbbc1               ; FiveBitBinaryCounter     ; work         ;
;       |DTypeFF:dtff0|           ; 1 (1)               ; 1 (1)                     ; 0           ; 0          ; 0            ; 0       ; 0         ; 0    ; 0            ; 0          ; |ClockDivider50MHzTo100Hz|FiveBitBinaryCounter:fbbc1|DTypeFF:dtff0 ; DTypeFF                  ; work         ;
;       |DTypeFF:dtff1|           ; 1 (1)               ; 1 (1)                     ; 0           ; 0          ; 0            ; 0       ; 0         ; 0    ; 0            ; 0          ; |ClockDivider50MHzTo100Hz|FiveBitBinaryCounter:fbbc1|DTypeFF:dtff1 ; DTypeFF                  ; work         ;
;       |DTypeFF:dtff2|           ; 1 (1)               ; 1 (1)                     ; 0           ; 0          ; 0            ; 0       ; 0         ; 0    ; 0            ; 0          ; |ClockDivider50MHzTo100Hz|FiveBitBinaryCounter:fbbc1|DTypeFF:dtff2 ; DTypeFF                  ; work         ;
;       |DTypeFF:dtff3|           ; 1 (1)               ; 1 (1)                     ; 0           ; 0          ; 0            ; 0       ; 0         ; 0    ; 0            ; 0          ; |ClockDivider50MHzTo100Hz|FiveBitBinaryCounter:fbbc1|DTypeFF:dtff3 ; DTypeFF                  ; work         ;
;       |DTypeFF:dtff4|           ; 1 (1)               ; 1 (1)                     ; 0           ; 0          ; 0            ; 0       ; 0         ; 0    ; 0            ; 0          ; |ClockDivider50MHzTo100Hz|FiveBitBinaryCounter:fbbc1|DTypeFF:dtff4 ; DTypeFF                  ; work         ;
;    |FiveBitBinaryCounter:fbbc2| ; 5 (0)               ; 5 (0)                     ; 0           ; 0          ; 0            ; 0       ; 0         ; 0    ; 0            ; 0          ; |ClockDivider50MHzTo100Hz|FiveBitBinaryCounter:fbbc2               ; FiveBitBinaryCounter     ; work         ;
;       |DTypeFF:dtff0|           ; 1 (1)               ; 1 (1)                     ; 0           ; 0          ; 0            ; 0       ; 0         ; 0    ; 0            ; 0          ; |ClockDivider50MHzTo100Hz|FiveBitBinaryCounter:fbbc2|DTypeFF:dtff0 ; DTypeFF                  ; work         ;
;       |DTypeFF:dtff1|           ; 1 (1)               ; 1 (1)                     ; 0           ; 0          ; 0            ; 0       ; 0         ; 0    ; 0            ; 0          ; |ClockDivider50MHzTo100Hz|FiveBitBinaryCounter:fbbc2|DTypeFF:dtff1 ; DTypeFF                  ; work         ;
;       |DTypeFF:dtff2|           ; 1 (1)               ; 1 (1)                     ; 0           ; 0          ; 0            ; 0       ; 0         ; 0    ; 0            ; 0          ; |ClockDivider50MHzTo100Hz|FiveBitBinaryCounter:fbbc2|DTypeFF:dtff2 ; DTypeFF                  ; work         ;
;       |DTypeFF:dtff3|           ; 1 (1)               ; 1 (1)                     ; 0           ; 0          ; 0            ; 0       ; 0         ; 0    ; 0            ; 0          ; |ClockDivider50MHzTo100Hz|FiveBitBinaryCounter:fbbc2|DTypeFF:dtff3 ; DTypeFF                  ; work         ;
;       |DTypeFF:dtff4|           ; 1 (1)               ; 1 (1)                     ; 0           ; 0          ; 0            ; 0       ; 0         ; 0    ; 0            ; 0          ; |ClockDivider50MHzTo100Hz|FiveBitBinaryCounter:fbbc2|DTypeFF:dtff4 ; DTypeFF                  ; work         ;
;    |FourBitBinaryCounter:fbbc3| ; 4 (0)               ; 4 (0)                     ; 0           ; 0          ; 0            ; 0       ; 0         ; 0    ; 0            ; 0          ; |ClockDivider50MHzTo100Hz|FourBitBinaryCounter:fbbc3               ; FourBitBinaryCounter     ; work         ;
;       |DTypeFF:dtff0|           ; 1 (1)               ; 1 (1)                     ; 0           ; 0          ; 0            ; 0       ; 0         ; 0    ; 0            ; 0          ; |ClockDivider50MHzTo100Hz|FourBitBinaryCounter:fbbc3|DTypeFF:dtff0 ; DTypeFF                  ; work         ;
;       |DTypeFF:dtff1|           ; 1 (1)               ; 1 (1)                     ; 0           ; 0          ; 0            ; 0       ; 0         ; 0    ; 0            ; 0          ; |ClockDivider50MHzTo100Hz|FourBitBinaryCounter:fbbc3|DTypeFF:dtff1 ; DTypeFF                  ; work         ;
;       |DTypeFF:dtff2|           ; 1 (1)               ; 1 (1)                     ; 0           ; 0          ; 0            ; 0       ; 0         ; 0    ; 0            ; 0          ; |ClockDivider50MHzTo100Hz|FourBitBinaryCounter:fbbc3|DTypeFF:dtff2 ; DTypeFF                  ; work         ;
;       |DTypeFF:dtff3|           ; 1 (1)               ; 1 (1)                     ; 0           ; 0          ; 0            ; 0       ; 0         ; 0    ; 0            ; 0          ; |ClockDivider50MHzTo100Hz|FourBitBinaryCounter:fbbc3|DTypeFF:dtff3 ; DTypeFF                  ; work         ;
;    |JKTypeFF:jkff0|             ; 1 (1)               ; 1 (1)                     ; 0           ; 0          ; 0            ; 0       ; 0         ; 0    ; 0            ; 0          ; |ClockDivider50MHzTo100Hz|JKTypeFF:jkff0                           ; JKTypeFF                 ; work         ;
+---------------------------------+---------------------+---------------------------+-------------+------------+--------------+---------+-----------+------+--------------+------------+--------------------------------------------------------------------+--------------------------+--------------+
Note: For table entries with two numbers listed, the numbers in parentheses indicate the number of resources of the given type used by the specific entity alone. The numbers listed outside of parentheses indicate the total resources of the given type used by the specific entity and all of its sub-entities in the hierarchy.


+------------------------------------------------------+
; General Register Statistics                          ;
+----------------------------------------------+-------+
; Statistic                                    ; Value ;
+----------------------------------------------+-------+
; Total registers                              ; 23    ;
; Number of registers using Synchronous Clear  ; 0     ;
; Number of registers using Synchronous Load   ; 0     ;
; Number of registers using Asynchronous Clear ; 20    ;
; Number of registers using Asynchronous Load  ; 0     ;
; Number of registers using Clock Enable       ; 0     ;
; Number of registers using Preset             ; 0     ;
+----------------------------------------------+-------+


+--------------------------------------------+
; Port Connectivity Checks: "JKTypeFF:jkff0" ;
+------+-------+----------+------------------+
; Port ; Type  ; Severity ; Details          ;
+------+-------+----------+------------------+
; J    ; Input ; Info     ; Stuck at VCC     ;
; K    ; Input ; Info     ; Stuck at VCC     ;
+------+-------+----------+------------------+


+---------------------------------------------+
; Port Connectivity Checks: "Comparator:c0"   ;
+-----------+-------+----------+--------------+
; Port      ; Type  ; Severity ; Details      ;
+-----------+-------+----------+--------------+
; B[17..14] ; Input ; Info     ; Stuck at VCC ;
; B[3..1]   ; Input ; Info     ; Stuck at VCC ;
; B[11..8]  ; Input ; Info     ; Stuck at GND ;
; B[6..4]   ; Input ; Info     ; Stuck at GND ;
; B[18]     ; Input ; Info     ; Stuck at GND ;
; B[13]     ; Input ; Info     ; Stuck at GND ;
; B[12]     ; Input ; Info     ; Stuck at VCC ;
; B[7]      ; Input ; Info     ; Stuck at VCC ;
; B[0]      ; Input ; Info     ; Stuck at GND ;
+-----------+-------+----------+--------------+


+-----------------------------------------------------+
; Post-Synthesis Netlist Statistics for Top Partition ;
+-----------------------+-----------------------------+
; Type                  ; Count                       ;
+-----------------------+-----------------------------+
; boundary_port         ; 3                           ;
; cycloneiii_ff         ; 23                          ;
;     CLR               ; 20                          ;
;     plain             ; 3                           ;
; cycloneiii_lcell_comb ; 28                          ;
;     normal            ; 28                          ;
;         1 data inputs ; 20                          ;
;         3 data inputs ; 2                           ;
;         4 data inputs ; 6                           ;
;                       ;                             ;
; Max LUT depth         ; 3.00                        ;
; Average LUT depth     ; 1.87                        ;
+-----------------------+-----------------------------+


+-------------------------------+
; Elapsed Time Per Partition    ;
+----------------+--------------+
; Partition Name ; Elapsed Time ;
+----------------+--------------+
; Top            ; 00:00:00     ;
+----------------+--------------+


+-------------------------------+
; Analysis & Synthesis Messages ;
+-------------------------------+
Info: *******************************************************************
Info: Running Quartus Prime Analysis & Synthesis
    Info: Version 20.1.1 Build 720 11/11/2020 SJ Lite Edition
    Info: Processing started: Wed Jun 16 21:38:00 2021
Info: Command: quartus_map --read_settings_files=on --write_settings_files=off Stopwatch -c Stopwatch
Warning (18236): Number of processors has not been specified which may cause overloading on shared machines.  Set the global assignment NUM_PARALLEL_PROCESSORS in your QSF to an appropriate value for best performance.
Info (20030): Parallel compilation is enabled and will use 6 of the 6 processors detected
Info (12021): Found 1 design units, including 1 entities, in source file sevensegencoder_tb.v
    Info (12023): Found entity 1: SevenSegEncoder_tb File: C:/Temp/Stopwatch/SevenSegEncoder_tb.v Line: 3
Info (12021): Found 1 design units, including 1 entities, in source file bcd2sevensegmentdisplayencoder_tb.v
    Info (12023): Found entity 1: BCD2SevenSegmentDisplayEncoder_tb File: C:/Temp/Stopwatch/BCD2SevenSegmentDisplayEncoder_tb.v Line: 3
Info (12021): Found 1 design units, including 1 entities, in source file bcd2sevensegmentdisplayencoder.v
    Info (12023): Found entity 1: BCD2SevenSegmentDisplayEncoder File: C:/Temp/Stopwatch/BCD2SevenSegmentDisplayEncoder.v Line: 1
Info (12021): Found 1 design units, including 1 entities, in source file stopwatchlogic_tb.v
    Info (12023): Found entity 1: StopWatchLogic_tb File: C:/Temp/Stopwatch/StopWatchLogic_tb.v Line: 2
Info (12021): Found 1 design units, including 1 entities, in source file stopwatchcounter.v
    Info (12023): Found entity 1: StopwatchCounter File: C:/Temp/Stopwatch/StopwatchCounter.v Line: 1
Info (12021): Found 1 design units, including 1 entities, in source file srtypeff.v
    Info (12023): Found entity 1: SRTypeFF File: C:/Temp/Stopwatch/SRTypeFF.v Line: 1
Info (12021): Found 1 design units, including 1 entities, in source file sixbitcomparator.v
    Info (12023): Found entity 1: SixBitComparator File: C:/Temp/Stopwatch/SixBitComparator.v Line: 1
Info (12021): Found 1 design units, including 1 entities, in source file sixbitbinarycounter.v
    Info (12023): Found entity 1: SixBitBinaryCounter File: C:/Temp/Stopwatch/SixBitBinaryCounter.v Line: 1
Info (12021): Found 1 design units, including 1 entities, in source file sevenbitcomparator.v
    Info (12023): Found entity 1: SevenBitComparator File: C:/Temp/Stopwatch/SevenBitComparator.v Line: 1
Info (12021): Found 1 design units, including 1 entities, in source file sevenbitbinarycounter.v
    Info (12023): Found entity 1: SevenBitBinaryCounter File: C:/Temp/Stopwatch/SevenBitBinaryCounter.v Line: 1
Info (12021): Found 1 design units, including 1 entities, in source file ninecycledelaymod.v
    Info (12023): Found entity 1: NineCycleDelayMod File: C:/Temp/Stopwatch/NineCycleDelayMod.v Line: 1
Info (12021): Found 1 design units, including 1 entities, in source file jktypeff.v
    Info (12023): Found entity 1: JKTypeFF File: C:/Temp/Stopwatch/JKTypeFF.v Line: 1
Info (12021): Found 1 design units, including 1 entities, in source file fourbitbinarycounter_tb.v
    Info (12023): Found entity 1: FourBitBinaryCounter_tb File: C:/Temp/Stopwatch/FourBitBinaryCounter_tb.v Line: 2
Info (12021): Found 1 design units, including 1 entities, in source file fourbitbinarycounter.v
    Info (12023): Found entity 1: FourBitBinaryCounter File: C:/Temp/Stopwatch/FourBitBinaryCounter.v Line: 1
Info (12021): Found 1 design units, including 1 entities, in source file fivebitbinarycounter_tb.v
    Info (12023): Found entity 1: FiveBitBinaryCounter_tb File: C:/Temp/Stopwatch/FiveBitBinaryCounter_tb.v Line: 2
Info (12021): Found 1 design units, including 1 entities, in source file fivebitbinarycounter.v
    Info (12023): Found entity 1: FiveBitBinaryCounter File: C:/Temp/Stopwatch/FiveBitBinaryCounter.v Line: 1
Info (12021): Found 1 design units, including 1 entities, in source file dtypeff.v
    Info (12023): Found entity 1: DTypeFF File: C:/Temp/Stopwatch/DTypeFF.v Line: 1
Info (12021): Found 1 design units, including 1 entities, in source file comparator_tb.v
    Info (12023): Found entity 1: Comparator_tb File: C:/Temp/Stopwatch/Comparator_tb.v Line: 1
Info (12021): Found 1 design units, including 1 entities, in source file comparator.v
    Info (12023): Found entity 1: Comparator File: C:/Temp/Stopwatch/Comparator.v Line: 1
Info (12021): Found 1 design units, including 1 entities, in source file clockdivider50mhzto100hz_tb.v
    Info (12023): Found entity 1: ClockDivider50MHzTo100Hz_tb File: C:/Temp/Stopwatch/ClockDivider50MHzTo100Hz_tb.v Line: 2
Info (12021): Found 1 design units, including 1 entities, in source file bcdencoder.v
    Info (12023): Found entity 1: BCDEncoder File: C:/Temp/Stopwatch/BCDEncoder.v Line: 1
Info (12021): Found 1 design units, including 1 entities, in source file stopwatch.v
    Info (12023): Found entity 1: Stopwatch File: C:/Temp/Stopwatch/Stopwatch.v Line: 1
Info (12021): Found 1 design units, including 1 entities, in source file clockdivider50mhzto100hz.v
    Info (12023): Found entity 1: ClockDivider50MHzTo100Hz File: C:/Temp/Stopwatch/ClockDivider50MHzTo100Hz.v Line: 1
Info (12021): Found 1 design units, including 1 entities, in source file stopwatchlogic.v
    Info (12023): Found entity 1: StopwatchLogic File: C:/Temp/Stopwatch/StopwatchLogic.v Line: 1
Info (12021): Found 1 design units, including 1 entities, in source file sevensegencoder.v
    Info (12023): Found entity 1: SevenSegEncoder File: C:/Temp/Stopwatch/SevenSegEncoder.v Line: 1
Info (12021): Found 1 design units, including 1 entities, in source file negedgejktypeff.v
    Info (12023): Found entity 1: NegEdgeJKTypeFF File: C:/Temp/Stopwatch/NegEdgeJKTypeFF.v Line: 1
Warning (10236): Verilog HDL Implicit Net warning at StopwatchLogic.v(54): created implicit net for "orOut2" File: C:/Temp/Stopwatch/StopwatchLogic.v Line: 54
Warning (10236): Verilog HDL Implicit Net warning at StopwatchLogic.v(55): created implicit net for "orOut3" File: C:/Temp/Stopwatch/StopwatchLogic.v Line: 55
Critical Warning (10846): Verilog HDL Instantiation warning at Stopwatch.v(36): instance has no name File: C:/Temp/Stopwatch/Stopwatch.v Line: 36
Critical Warning (10846): Verilog HDL Instantiation warning at Stopwatch.v(48): instance has no name File: C:/Temp/Stopwatch/Stopwatch.v Line: 48
Info (12127): Elaborating entity "ClockDivider50MHzTo100Hz" for the top level hierarchy
Info (12128): Elaborating entity "FiveBitBinaryCounter" for hierarchy "FiveBitBinaryCounter:fbbc0" File: C:/Temp/Stopwatch/ClockDivider50MHzTo100Hz.v Line: 17
Info (12128): Elaborating entity "DTypeFF" for hierarchy "FiveBitBinaryCounter:fbbc0|DTypeFF:dtff0" File: C:/Temp/Stopwatch/FiveBitBinaryCounter.v Line: 14
Info (12128): Elaborating entity "FourBitBinaryCounter" for hierarchy "FourBitBinaryCounter:fbbc3" File: C:/Temp/Stopwatch/ClockDivider50MHzTo100Hz.v Line: 38
Info (12128): Elaborating entity "Comparator" for hierarchy "Comparator:c0" File: C:/Temp/Stopwatch/ClockDivider50MHzTo100Hz.v Line: 45
Info (12128): Elaborating entity "JKTypeFF" for hierarchy "JKTypeFF:jkff0" File: C:/Temp/Stopwatch/ClockDivider50MHzTo100Hz.v Line: 61
Info (286030): Timing-Driven Synthesis is running
Critical Warning (18061): Ignored Power-Up Level option on the following registers
    Critical Warning (18010): Register DTypeFF:dtff0|Q will power up to Low File: C:/Temp/Stopwatch/DTypeFF.v Line: 6
    Critical Warning (18010): Register FiveBitBinaryCounter:fbbc0|DTypeFF:dtff0|Q will power up to Low File: C:/Temp/Stopwatch/DTypeFF.v Line: 6
    Critical Warning (18010): Register FiveBitBinaryCounter:fbbc0|DTypeFF:dtff1|Q will power up to Low File: C:/Temp/Stopwatch/DTypeFF.v Line: 6
    Critical Warning (18010): Register FiveBitBinaryCounter:fbbc0|DTypeFF:dtff2|Q will power up to Low File: C:/Temp/Stopwatch/DTypeFF.v Line: 6
    Critical Warning (18010): Register FiveBitBinaryCounter:fbbc0|DTypeFF:dtff3|Q will power up to Low File: C:/Temp/Stopwatch/DTypeFF.v Line: 6
    Critical Warning (18010): Register FiveBitBinaryCounter:fbbc0|DTypeFF:dtff4|Q will power up to Low File: C:/Temp/Stopwatch/DTypeFF.v Line: 6
    Critical Warning (18010): Register FiveBitBinaryCounter:fbbc1|DTypeFF:dtff0|Q will power up to Low File: C:/Temp/Stopwatch/DTypeFF.v Line: 6
    Critical Warning (18010): Register FiveBitBinaryCounter:fbbc1|DTypeFF:dtff1|Q will power up to Low File: C:/Temp/Stopwatch/DTypeFF.v Line: 6
    Critical Warning (18010): Register FiveBitBinaryCounter:fbbc1|DTypeFF:dtff2|Q will power up to Low File: C:/Temp/Stopwatch/DTypeFF.v Line: 6
    Critical Warning (18010): Register FiveBitBinaryCounter:fbbc1|DTypeFF:dtff3|Q will power up to Low File: C:/Temp/Stopwatch/DTypeFF.v Line: 6
    Critical Warning (18010): Register FiveBitBinaryCounter:fbbc1|DTypeFF:dtff4|Q will power up to Low File: C:/Temp/Stopwatch/DTypeFF.v Line: 6
    Critical Warning (18010): Register FiveBitBinaryCounter:fbbc2|DTypeFF:dtff0|Q will power up to Low File: C:/Temp/Stopwatch/DTypeFF.v Line: 6
    Critical Warning (18010): Register FiveBitBinaryCounter:fbbc2|DTypeFF:dtff1|Q will power up to Low File: C:/Temp/Stopwatch/DTypeFF.v Line: 6
    Critical Warning (18010): Register FiveBitBinaryCounter:fbbc2|DTypeFF:dtff2|Q will power up to Low File: C:/Temp/Stopwatch/DTypeFF.v Line: 6
    Critical Warning (18010): Register FiveBitBinaryCounter:fbbc2|DTypeFF:dtff3|Q will power up to Low File: C:/Temp/Stopwatch/DTypeFF.v Line: 6
    Critical Warning (18010): Register FiveBitBinaryCounter:fbbc2|DTypeFF:dtff4|Q will power up to Low File: C:/Temp/Stopwatch/DTypeFF.v Line: 6
    Critical Warning (18010): Register FourBitBinaryCounter:fbbc3|DTypeFF:dtff0|Q will power up to Low File: C:/Temp/Stopwatch/DTypeFF.v Line: 6
    Critical Warning (18010): Register FourBitBinaryCounter:fbbc3|DTypeFF:dtff1|Q will power up to Low File: C:/Temp/Stopwatch/DTypeFF.v Line: 6
    Critical Warning (18010): Register FourBitBinaryCounter:fbbc3|DTypeFF:dtff2|Q will power up to Low File: C:/Temp/Stopwatch/DTypeFF.v Line: 6
    Critical Warning (18010): Register FourBitBinaryCounter:fbbc3|DTypeFF:dtff3|Q will power up to Low File: C:/Temp/Stopwatch/DTypeFF.v Line: 6
Info (16010): Generating hard_block partition "hard_block:auto_generated_inst"
    Info (16011): Adding 0 node(s), including 0 DDIO, 0 PLL, 0 transceiver and 0 LCELL
Info (21057): Implemented 32 device resources after synthesis - the final resource count might be different
    Info (21058): Implemented 2 input pins
    Info (21059): Implemented 1 output pins
    Info (21061): Implemented 29 logic cells
Info: Quartus Prime Analysis & Synthesis was successful. 0 errors, 26 warnings
    Info: Peak virtual memory: 4776 megabytes
    Info: Processing ended: Wed Jun 16 21:38:12 2021
    Info: Elapsed time: 00:00:12
    Info: Total CPU time (on all processors): 00:00:21


